-- Found Boost: /usr/lib/x86_64-linux-gnu/cmake/Boost-1.71.0/BoostConfig.cmake (found suitable version "1.71.0", minimum required is "1.66.0") found components: system date_time filesystem timer thread regex filesystem unit_test_framework program_options iostreams random log log_setup 
-- Found Boost: /usr/lib/x86_64-linux-gnu/cmake/Boost-1.71.0/BoostConfig.cmake (found suitable version "1.71.0", minimum required is "1.66.0") found components: filesystem regex date_time thread 
-- Found Boost: /usr/lib/x86_64-linux-gnu/cmake/Boost-1.71.0/BoostConfig.cmake (found suitable version "1.71.0", minimum required is "1.66.0") found components: log 
-- Found Boost: /usr/lib/x86_64-linux-gnu/cmake/Boost-1.71.0/BoostConfig.cmake (found suitable version "1.71.0", minimum required is "1.66.0") found components: filesystem regex date_time thread 
-- Found Boost: /usr/lib/x86_64-linux-gnu/cmake/Boost-1.71.0/BoostConfig.cmake (found suitable version "1.71.0", minimum required is "1.66.0") found components: log 
-- Found Boost: /usr/lib/x86_64-linux-gnu/cmake/Boost-1.71.0/BoostConfig.cmake (found suitable version "1.71.0", minimum required is "1.66.0") found components: filesystem regex date_time thread 
-- Found Boost: /usr/lib/x86_64-linux-gnu/cmake/Boost-1.71.0/BoostConfig.cmake (found suitable version "1.71.0", minimum required is "1.66.0") found components: log 
-- Found Boost: /usr/lib/x86_64-linux-gnu/cmake/Boost-1.71.0/BoostConfig.cmake (found suitable version "1.71.0", minimum required is "1.66.0") found components: filesystem regex date_time thread 
-- Found Boost: /usr/lib/x86_64-linux-gnu/cmake/Boost-1.71.0/BoostConfig.cmake (found suitable version "1.71.0", minimum required is "1.66.0") found components: log 
-- Found Boost: /usr/lib/x86_64-linux-gnu/cmake/Boost-1.71.0/BoostConfig.cmake (found suitable version "1.71.0", minimum required is "1.66.0") found components: filesystem regex date_time thread 
-- Found Boost: /usr/lib/x86_64-linux-gnu/cmake/Boost-1.71.0/BoostConfig.cmake (found suitable version "1.71.0", minimum required is "1.66.0") found components: log 
-- Found Boost: /usr/lib/x86_64-linux-gnu/cmake/Boost-1.71.0/BoostConfig.cmake (found suitable version "1.71.0", minimum required is "1.66.0")  
-- Found Boost: /usr/lib/x86_64-linux-gnu/cmake/Boost-1.71.0/BoostConfig.cmake (found suitable version "1.71.0", minimum required is "1.66.0") found components: log 
-- Found Boost: /usr/lib/x86_64-linux-gnu/cmake/Boost-1.71.0/BoostConfig.cmake (found suitable version "1.71.0", minimum required is "1.66.0") found components: filesystem regex date_time thread 
-- Found Boost: /usr/lib/x86_64-linux-gnu/cmake/Boost-1.71.0/BoostConfig.cmake (found suitable version "1.71.0", minimum required is "1.66.0") found components: log 
-- Found Boost: /usr/lib/x86_64-linux-gnu/cmake/Boost-1.71.0/BoostConfig.cmake (found suitable version "1.71.0", minimum required is "1.66.0") found components: filesystem regex date_time thread 
-- Found Boost: /usr/lib/x86_64-linux-gnu/cmake/Boost-1.71.0/BoostConfig.cmake (found suitable version "1.71.0", minimum required is "1.66.0") found components: log 
-- Found Boost: /usr/lib/x86_64-linux-gnu/cmake/Boost-1.71.0/BoostConfig.cmake (found suitable version "1.71.0", minimum required is "1.66.0")  
-- Found Boost: /usr/lib/x86_64-linux-gnu/cmake/Boost-1.71.0/BoostConfig.cmake (found suitable version "1.71.0", minimum required is "1.66.0") found components: log 
-- Found Boost: /usr/lib/x86_64-linux-gnu/cmake/Boost-1.71.0/BoostConfig.cmake (found suitable version "1.71.0", minimum required is "1.66.0") found components: random 
-- Found Boost: /usr/lib/x86_64-linux-gnu/cmake/Boost-1.71.0/BoostConfig.cmake (found suitable version "1.71.0", minimum required is "1.66.0") found components: log 
-- Found Boost: /usr/lib/x86_64-linux-gnu/cmake/Boost-1.71.0/BoostConfig.cmake (found suitable version "1.71.0", minimum required is "1.66.0") found components: filesystem regex date_time thread 
-- Found Boost: /usr/lib/x86_64-linux-gnu/cmake/Boost-1.71.0/BoostConfig.cmake (found suitable version "1.71.0", minimum required is "1.66.0") found components: log 
-- Found Boost: /usr/lib/x86_64-linux-gnu/cmake/Boost-1.71.0/BoostConfig.cmake (found suitable version "1.71.0", minimum required is "1.66.0") found components: filesystem regex date_time thread 
-- Found Boost: /usr/lib/x86_64-linux-gnu/cmake/Boost-1.71.0/BoostConfig.cmake (found suitable version "1.71.0", minimum required is "1.66.0") found components: log 
-- Found Boost: /usr/lib/x86_64-linux-gnu/cmake/Boost-1.71.0/BoostConfig.cmake (found suitable version "1.71.0", minimum required is "1.66.0") found components: filesystem regex date_time thread 
-- Found Boost: /usr/lib/x86_64-linux-gnu/cmake/Boost-1.71.0/BoostConfig.cmake (found suitable version "1.71.0", minimum required is "1.66.0") found components: log 
-- Found Boost: /usr/lib/x86_64-linux-gnu/cmake/Boost-1.71.0/BoostConfig.cmake (found suitable version "1.71.0", minimum required is "1.66.0") found components: filesystem regex date_time thread 
-- Found Boost: /usr/lib/x86_64-linux-gnu/cmake/Boost-1.71.0/BoostConfig.cmake (found suitable version "1.71.0", minimum required is "1.66.0") found components: log 
-- Found Boost: /usr/lib/x86_64-linux-gnu/cmake/Boost-1.71.0/BoostConfig.cmake (found suitable version "1.71.0", minimum required is "1.66.0")  
-- Found Boost: /usr/lib/x86_64-linux-gnu/cmake/Boost-1.71.0/BoostConfig.cmake (found suitable version "1.71.0", minimum required is "1.66.0") found components: log 
-- Found Boost: /usr/lib/x86_64-linux-gnu/cmake/Boost-1.71.0/BoostConfig.cmake (found suitable version "1.71.0", minimum required is "1.66.0") found components: filesystem regex date_time thread 
-- Found Boost: /usr/lib/x86_64-linux-gnu/cmake/Boost-1.71.0/BoostConfig.cmake (found suitable version "1.71.0", minimum required is "1.66.0") found components: log 
-- Found Boost: /usr/lib/x86_64-linux-gnu/cmake/Boost-1.71.0/BoostConfig.cmake (found suitable version "1.71.0", minimum required is "1.66.0") found components: filesystem regex date_time thread 
-- Found Boost: /usr/lib/x86_64-linux-gnu/cmake/Boost-1.71.0/BoostConfig.cmake (found suitable version "1.71.0", minimum required is "1.66.0") found components: log 
-- Found Boost: /usr/lib/x86_64-linux-gnu/cmake/Boost-1.71.0/BoostConfig.cmake (found suitable version "1.71.0", minimum required is "1.66.0")  
-- Found Boost: /usr/lib/x86_64-linux-gnu/cmake/Boost-1.71.0/BoostConfig.cmake (found suitable version "1.71.0", minimum required is "1.66.0") found components: log 
-- Found Boost: /usr/lib/x86_64-linux-gnu/cmake/Boost-1.71.0/BoostConfig.cmake (found suitable version "1.71.0", minimum required is "1.66.0") found components: random 
-- Found Boost: /usr/lib/x86_64-linux-gnu/cmake/Boost-1.71.0/BoostConfig.cmake (found suitable version "1.71.0", minimum required is "1.66.0") found components: filesystem regex date_time thread 
-- Found Boost: /usr/lib/x86_64-linux-gnu/cmake/Boost-1.71.0/BoostConfig.cmake (found suitable version "1.71.0", minimum required is "1.66.0") found components: log 
-- Found Boost: /usr/lib/x86_64-linux-gnu/cmake/Boost-1.71.0/BoostConfig.cmake (found suitable version "1.71.0", minimum required is "1.66.0") found components: filesystem regex date_time thread 
-- Found Boost: /usr/lib/x86_64-linux-gnu/cmake/Boost-1.71.0/BoostConfig.cmake (found suitable version "1.71.0", minimum required is "1.66.0") found components: log 
-- Found Boost: /usr/lib/x86_64-linux-gnu/cmake/Boost-1.71.0/BoostConfig.cmake (found suitable version "1.71.0", minimum required is "1.66.0") found components: filesystem regex date_time thread 
-- Found Boost: /usr/lib/x86_64-linux-gnu/cmake/Boost-1.71.0/BoostConfig.cmake (found suitable version "1.71.0", minimum required is "1.66.0") found components: log 
-- Found Boost: /usr/lib/x86_64-linux-gnu/cmake/Boost-1.71.0/BoostConfig.cmake (found suitable version "1.71.0", minimum required is "1.66.0") found components: filesystem regex date_time thread 
-- Found Boost: /usr/lib/x86_64-linux-gnu/cmake/Boost-1.71.0/BoostConfig.cmake (found suitable version "1.71.0", minimum required is "1.66.0") found components: log 
-- Found Boost: /usr/lib/x86_64-linux-gnu/cmake/Boost-1.71.0/BoostConfig.cmake (found suitable version "1.71.0", minimum required is "1.66.0") found components: filesystem regex date_time thread 
-- Found Boost: /usr/lib/x86_64-linux-gnu/cmake/Boost-1.71.0/BoostConfig.cmake (found suitable version "1.71.0", minimum required is "1.66.0") found components: log 
-- Found Boost: /usr/lib/x86_64-linux-gnu/cmake/Boost-1.71.0/BoostConfig.cmake (found suitable version "1.71.0", minimum required is "1.66.0") found components: filesystem regex date_time thread 
-- Found Boost: /usr/lib/x86_64-linux-gnu/cmake/Boost-1.71.0/BoostConfig.cmake (found suitable version "1.71.0", minimum required is "1.66.0") found components: log 
-- Found Boost: /usr/lib/x86_64-linux-gnu/cmake/Boost-1.71.0/BoostConfig.cmake (found suitable version "1.71.0", minimum required is "1.66.0") found components: filesystem regex date_time thread 
-- Found Boost: /usr/lib/x86_64-linux-gnu/cmake/Boost-1.71.0/BoostConfig.cmake (found suitable version "1.71.0", minimum required is "1.66.0") found components: log 
-- Found Boost: /usr/lib/x86_64-linux-gnu/cmake/Boost-1.71.0/BoostConfig.cmake (found suitable version "1.71.0", minimum required is "1.66.0") found components: filesystem regex date_time thread 
-- Found Boost: /usr/lib/x86_64-linux-gnu/cmake/Boost-1.71.0/BoostConfig.cmake (found suitable version "1.71.0", minimum required is "1.66.0") found components: log 
-- Found Boost: /usr/lib/x86_64-linux-gnu/cmake/Boost-1.71.0/BoostConfig.cmake (found suitable version "1.71.0", minimum required is "1.66.0")  
-- Found Boost: /usr/lib/x86_64-linux-gnu/cmake/Boost-1.71.0/BoostConfig.cmake (found suitable version "1.71.0", minimum required is "1.66.0") found components: log 
-- Found Boost: /usr/lib/x86_64-linux-gnu/cmake/Boost-1.71.0/BoostConfig.cmake (found suitable version "1.71.0", minimum required is "1.66.0") found components: filesystem regex date_time thread 
-- Found Boost: /usr/lib/x86_64-linux-gnu/cmake/Boost-1.71.0/BoostConfig.cmake (found suitable version "1.71.0", minimum required is "1.66.0") found components: log 
-- Found Boost: /usr/lib/x86_64-linux-gnu/cmake/Boost-1.71.0/BoostConfig.cmake (found suitable version "1.71.0", minimum required is "1.66.0") found components: filesystem regex date_time thread 
-- Found Boost: /usr/lib/x86_64-linux-gnu/cmake/Boost-1.71.0/BoostConfig.cmake (found suitable version "1.71.0", minimum required is "1.66.0") found components: log 
-- Found Boost: /usr/lib/x86_64-linux-gnu/cmake/Boost-1.71.0/BoostConfig.cmake (found suitable version "1.71.0", minimum required is "1.66.0")  
-- Found Boost: /usr/lib/x86_64-linux-gnu/cmake/Boost-1.71.0/BoostConfig.cmake (found suitable version "1.71.0", minimum required is "1.66.0") found components: log 
-- Found Boost: /usr/lib/x86_64-linux-gnu/cmake/Boost-1.71.0/BoostConfig.cmake (found suitable version "1.71.0", minimum required is "1.66.0") found components: random 
-- Found Boost: /usr/lib/x86_64-linux-gnu/cmake/Boost-1.71.0/BoostConfig.cmake (found suitable version "1.71.0", minimum required is "1.66.0") found components: filesystem regex date_time thread 
-- Found Boost: /usr/lib/x86_64-linux-gnu/cmake/Boost-1.71.0/BoostConfig.cmake (found suitable version "1.71.0", minimum required is "1.66.0") found components: log 
-- Found Boost: /usr/lib/x86_64-linux-gnu/cmake/Boost-1.71.0/BoostConfig.cmake (found suitable version "1.71.0", minimum required is "1.66.0") found components: filesystem regex date_time thread 
-- Found Boost: /usr/lib/x86_64-linux-gnu/cmake/Boost-1.71.0/BoostConfig.cmake (found suitable version "1.71.0", minimum required is "1.66.0") found components: log 
-- Found Boost: /usr/lib/x86_64-linux-gnu/cmake/Boost-1.71.0/BoostConfig.cmake (found suitable version "1.71.0", minimum required is "1.66.0") found components: filesystem regex date_time thread 
-- Found Boost: /usr/lib/x86_64-linux-gnu/cmake/Boost-1.71.0/BoostConfig.cmake (found suitable version "1.71.0", minimum required is "1.66.0") found components: log 
-- Found Boost: /usr/lib/x86_64-linux-gnu/cmake/Boost-1.71.0/BoostConfig.cmake (found suitable version "1.71.0", minimum required is "1.66.0") found components: filesystem regex date_time thread 
-- Found Boost: /usr/lib/x86_64-linux-gnu/cmake/Boost-1.71.0/BoostConfig.cmake (found suitable version "1.71.0", minimum required is "1.66.0") found components: log 
-- Found Boost: /usr/lib/x86_64-linux-gnu/cmake/Boost-1.71.0/BoostConfig.cmake (found suitable version "1.71.0", minimum required is "1.66.0") found components: filesystem regex date_time thread 
-- Found Boost: /usr/lib/x86_64-linux-gnu/cmake/Boost-1.71.0/BoostConfig.cmake (found suitable version "1.71.0", minimum required is "1.66.0") found components: log 
-- Found Boost: /usr/lib/x86_64-linux-gnu/cmake/Boost-1.71.0/BoostConfig.cmake (found suitable version "1.71.0", minimum required is "1.66.0")  
-- Found Boost: /usr/lib/x86_64-linux-gnu/cmake/Boost-1.71.0/BoostConfig.cmake (found suitable version "1.71.0", minimum required is "1.66.0") found components: log 
-- Found Boost: /usr/lib/x86_64-linux-gnu/cmake/Boost-1.71.0/BoostConfig.cmake (found suitable version "1.71.0", minimum required is "1.66.0") found components: filesystem regex date_time thread 
-- Found Boost: /usr/lib/x86_64-linux-gnu/cmake/Boost-1.71.0/BoostConfig.cmake (found suitable version "1.71.0", minimum required is "1.66.0") found components: log 
-- Found Boost: /usr/lib/x86_64-linux-gnu/cmake/Boost-1.71.0/BoostConfig.cmake (found suitable version "1.71.0", minimum required is "1.66.0") found components: filesystem regex date_time thread 
-- Found Boost: /usr/lib/x86_64-linux-gnu/cmake/Boost-1.71.0/BoostConfig.cmake (found suitable version "1.71.0", minimum required is "1.66.0") found components: log 
-- Found Boost: /usr/lib/x86_64-linux-gnu/cmake/Boost-1.71.0/BoostConfig.cmake (found suitable version "1.71.0", minimum required is "1.66.0")  
-- Found Boost: /usr/lib/x86_64-linux-gnu/cmake/Boost-1.71.0/BoostConfig.cmake (found suitable version "1.71.0", minimum required is "1.66.0") found components: log 
-- Found Boost: /usr/lib/x86_64-linux-gnu/cmake/Boost-1.71.0/BoostConfig.cmake (found suitable version "1.71.0", minimum required is "1.66.0") found components: random 
-- Found Boost: /usr/lib/x86_64-linux-gnu/cmake/Boost-1.71.0/BoostConfig.cmake (found suitable version "1.71.0", minimum required is "1.66.0") found components: log 
-- Found Boost: /usr/lib/x86_64-linux-gnu/cmake/Boost-1.71.0/BoostConfig.cmake (found suitable version "1.71.0", minimum required is "1.66.0") found components: filesystem regex date_time thread 
-- Found Boost: /usr/lib/x86_64-linux-gnu/cmake/Boost-1.71.0/BoostConfig.cmake (found suitable version "1.71.0", minimum required is "1.66.0") found components: log 
-- Found Boost: /usr/lib/x86_64-linux-gnu/cmake/Boost-1.71.0/BoostConfig.cmake (found suitable version "1.71.0", minimum required is "1.66.0")  
-- Found Boost: /usr/lib/x86_64-linux-gnu/cmake/Boost-1.71.0/BoostConfig.cmake (found suitable version "1.71.0", minimum required is "1.66.0") found components: log 
-- Found Boost: /usr/lib/x86_64-linux-gnu/cmake/Boost-1.71.0/BoostConfig.cmake (found suitable version "1.71.0", minimum required is "1.66.0") found components: random 
-- Found Boost: /usr/lib/x86_64-linux-gnu/cmake/Boost-1.71.0/BoostConfig.cmake (found suitable version "1.71.0", minimum required is "1.66.0") found components: filesystem regex date_time thread 
-- Found Boost: /usr/lib/x86_64-linux-gnu/cmake/Boost-1.71.0/BoostConfig.cmake (found suitable version "1.71.0", minimum required is "1.66.0") found components: log 
-- Found Boost: /usr/lib/x86_64-linux-gnu/cmake/Boost-1.71.0/BoostConfig.cmake (found suitable version "1.71.0", minimum required is "1.66.0") found components: filesystem regex date_time thread 
-- Found Boost: /usr/lib/x86_64-linux-gnu/cmake/Boost-1.71.0/BoostConfig.cmake (found suitable version "1.71.0", minimum required is "1.66.0") found components: log 
-- Found Boost: /usr/lib/x86_64-linux-gnu/cmake/Boost-1.71.0/BoostConfig.cmake (found suitable version "1.71.0", minimum required is "1.66.0") found components: filesystem regex date_time thread 
-- Found Boost: /usr/lib/x86_64-linux-gnu/cmake/Boost-1.71.0/BoostConfig.cmake (found suitable version "1.71.0", minimum required is "1.66.0") found components: log 
-- Found Boost: /usr/lib/x86_64-linux-gnu/cmake/Boost-1.71.0/BoostConfig.cmake (found suitable version "1.71.0", minimum required is "1.66.0") found components: filesystem regex date_time thread 
-- Found Boost: /usr/lib/x86_64-linux-gnu/cmake/Boost-1.71.0/BoostConfig.cmake (found suitable version "1.71.0", minimum required is "1.66.0") found components: log 
-- Found Boost: /usr/lib/x86_64-linux-gnu/cmake/Boost-1.71.0/BoostConfig.cmake (found suitable version "1.71.0", minimum required is "1.66.0") found components: filesystem regex date_time thread 
-- Found Boost: /usr/lib/x86_64-linux-gnu/cmake/Boost-1.71.0/BoostConfig.cmake (found suitable version "1.71.0", minimum required is "1.66.0") found components: log 
-- Found Boost: /usr/lib/x86_64-linux-gnu/cmake/Boost-1.71.0/BoostConfig.cmake (found suitable version "1.71.0", minimum required is "1.66.0")  
-- Found Boost: /usr/lib/x86_64-linux-gnu/cmake/Boost-1.71.0/BoostConfig.cmake (found suitable version "1.71.0", minimum required is "1.66.0") found components: log 
-- Found Boost: /usr/lib/x86_64-linux-gnu/cmake/Boost-1.71.0/BoostConfig.cmake (found suitable version "1.71.0", minimum required is "1.66.0") found components: filesystem regex date_time thread 
-- Found Boost: /usr/lib/x86_64-linux-gnu/cmake/Boost-1.71.0/BoostConfig.cmake (found suitable version "1.71.0", minimum required is "1.66.0") found components: log 
-- Found Boost: /usr/lib/x86_64-linux-gnu/cmake/Boost-1.71.0/BoostConfig.cmake (found suitable version "1.71.0", minimum required is "1.66.0") found components: filesystem regex date_time thread 
-- Found Boost: /usr/lib/x86_64-linux-gnu/cmake/Boost-1.71.0/BoostConfig.cmake (found suitable version "1.71.0", minimum required is "1.66.0") found components: log 
-- Found Boost: /usr/lib/x86_64-linux-gnu/cmake/Boost-1.71.0/BoostConfig.cmake (found suitable version "1.71.0", minimum required is "1.66.0")  
-- Found Boost: /usr/lib/x86_64-linux-gnu/cmake/Boost-1.71.0/BoostConfig.cmake (found suitable version "1.71.0", minimum required is "1.66.0") found components: log 
-- Found Boost: /usr/lib/x86_64-linux-gnu/cmake/Boost-1.71.0/BoostConfig.cmake (found suitable version "1.71.0", minimum required is "1.66.0") found components: random 
-- Found Boost: /usr/lib/x86_64-linux-gnu/cmake/Boost-1.71.0/BoostConfig.cmake (found suitable version "1.71.0", minimum required is "1.66.0") found components: log 
-- Found Boost: /usr/lib/x86_64-linux-gnu/cmake/Boost-1.71.0/BoostConfig.cmake (found suitable version "1.71.0", minimum required is "1.66.0") found components: filesystem regex date_time thread 
-- Found Boost: /usr/lib/x86_64-linux-gnu/cmake/Boost-1.71.0/BoostConfig.cmake (found suitable version "1.71.0", minimum required is "1.66.0") found components: log 
-- Found Boost: /usr/lib/x86_64-linux-gnu/cmake/Boost-1.71.0/BoostConfig.cmake (found suitable version "1.71.0", minimum required is "1.66.0")  
-- Found Boost: /usr/lib/x86_64-linux-gnu/cmake/Boost-1.71.0/BoostConfig.cmake (found suitable version "1.71.0", minimum required is "1.66.0") found components: log 
-- Found Boost: /usr/lib/x86_64-linux-gnu/cmake/Boost-1.71.0/BoostConfig.cmake (found suitable version "1.71.0", minimum required is "1.66.0") found components: program_options 
-- Found Boost: /usr/lib/x86_64-linux-gnu/cmake/Boost-1.71.0/BoostConfig.cmake (found suitable version "1.71.0", minimum required is "1.66.0") found components: filesystem regex date_time thread 
-- Found Boost: /usr/lib/x86_64-linux-gnu/cmake/Boost-1.71.0/BoostConfig.cmake (found suitable version "1.71.0", minimum required is "1.66.0") found components: log 
-- Found Boost: /usr/lib/x86_64-linux-gnu/cmake/Boost-1.71.0/BoostConfig.cmake (found suitable version "1.71.0", minimum required is "1.66.0") found components: filesystem regex date_time thread 
-- Found Boost: /usr/lib/x86_64-linux-gnu/cmake/Boost-1.71.0/BoostConfig.cmake (found suitable version "1.71.0", minimum required is "1.66.0") found components: log 
-- Found Boost: /usr/lib/x86_64-linux-gnu/cmake/Boost-1.71.0/BoostConfig.cmake (found suitable version "1.71.0", minimum required is "1.66.0") found components: filesystem regex date_time thread 
-- Found Boost: /usr/lib/x86_64-linux-gnu/cmake/Boost-1.71.0/BoostConfig.cmake (found suitable version "1.71.0", minimum required is "1.66.0") found components: log 
-- Found Boost: /usr/lib/x86_64-linux-gnu/cmake/Boost-1.71.0/BoostConfig.cmake (found suitable version "1.71.0", minimum required is "1.66.0") found components: filesystem regex date_time thread 
-- Found Boost: /usr/lib/x86_64-linux-gnu/cmake/Boost-1.71.0/BoostConfig.cmake (found suitable version "1.71.0", minimum required is "1.66.0") found components: log 
-- Found Boost: /usr/lib/x86_64-linux-gnu/cmake/Boost-1.71.0/BoostConfig.cmake (found suitable version "1.71.0", minimum required is "1.66.0") found components: filesystem regex date_time thread 
-- Found Boost: /usr/lib/x86_64-linux-gnu/cmake/Boost-1.71.0/BoostConfig.cmake (found suitable version "1.71.0", minimum required is "1.66.0") found components: log 
-- Found Boost: /usr/lib/x86_64-linux-gnu/cmake/Boost-1.71.0/BoostConfig.cmake (found suitable version "1.71.0", minimum required is "1.66.0")  
-- Found Boost: /usr/lib/x86_64-linux-gnu/cmake/Boost-1.71.0/BoostConfig.cmake (found suitable version "1.71.0", minimum required is "1.66.0") found components: log 
-- Found Boost: /usr/lib/x86_64-linux-gnu/cmake/Boost-1.71.0/BoostConfig.cmake (found suitable version "1.71.0", minimum required is "1.66.0") found components: filesystem regex date_time thread 
-- Found Boost: /usr/lib/x86_64-linux-gnu/cmake/Boost-1.71.0/BoostConfig.cmake (found suitable version "1.71.0", minimum required is "1.66.0") found components: log 
-- Found Boost: /usr/lib/x86_64-linux-gnu/cmake/Boost-1.71.0/BoostConfig.cmake (found suitable version "1.71.0", minimum required is "1.66.0") found components: filesystem regex date_time thread 
-- Found Boost: /usr/lib/x86_64-linux-gnu/cmake/Boost-1.71.0/BoostConfig.cmake (found suitable version "1.71.0", minimum required is "1.66.0") found components: log 
-- Found Boost: /usr/lib/x86_64-linux-gnu/cmake/Boost-1.71.0/BoostConfig.cmake (found suitable version "1.71.0", minimum required is "1.66.0")  
-- Found Boost: /usr/lib/x86_64-linux-gnu/cmake/Boost-1.71.0/BoostConfig.cmake (found suitable version "1.71.0", minimum required is "1.66.0") found components: log 
-- Found Boost: /usr/lib/x86_64-linux-gnu/cmake/Boost-1.71.0/BoostConfig.cmake (found suitable version "1.71.0", minimum required is "1.66.0") found components: random 
-- Found Boost: /usr/lib/x86_64-linux-gnu/cmake/Boost-1.71.0/BoostConfig.cmake (found suitable version "1.71.0", minimum required is "1.66.0") found components: filesystem regex date_time thread 
-- Found Boost: /usr/lib/x86_64-linux-gnu/cmake/Boost-1.71.0/BoostConfig.cmake (found suitable version "1.71.0", minimum required is "1.66.0") found components: log 
-- Found Boost: /usr/lib/x86_64-linux-gnu/cmake/Boost-1.71.0/BoostConfig.cmake (found suitable version "1.71.0", minimum required is "1.66.0") found components: filesystem regex date_time thread 
-- Found Boost: /usr/lib/x86_64-linux-gnu/cmake/Boost-1.71.0/BoostConfig.cmake (found suitable version "1.71.0", minimum required is "1.66.0") found components: log 
-- Found Boost: /usr/lib/x86_64-linux-gnu/cmake/Boost-1.71.0/BoostConfig.cmake (found suitable version "1.71.0", minimum required is "1.66.0")  
-- Found Boost: /usr/lib/x86_64-linux-gnu/cmake/Boost-1.71.0/BoostConfig.cmake (found suitable version "1.71.0", minimum required is "1.66.0") found components: log 
-- Found Boost: /usr/lib/x86_64-linux-gnu/cmake/Boost-1.71.0/BoostConfig.cmake (found suitable version "1.71.0", minimum required is "1.66.0") found components: program_options 
-- Found Boost: /usr/lib/x86_64-linux-gnu/cmake/Boost-1.71.0/BoostConfig.cmake (found suitable version "1.71.0", minimum required is "1.66.0")  
-- Found Boost: /usr/lib/x86_64-linux-gnu/cmake/Boost-1.71.0/BoostConfig.cmake (found suitable version "1.71.0", minimum required is "1.66.0") found components: log 
-- Configuring done
-- Generating done
-- Build files have been written to: /home/kyle/nasa/dev/media_app/build
[  9%] Linking CXX executable media_app
/usr/bin/ld: /usr/local/lib/libbp_app_patterns_lib.a(BpSinkPattern.cpp.o): in function `BpSinkPattern::Forward_ThreadSafe(cbhe_eid_t const&, std::vector<unsigned char, std::allocator<unsigned char> >&) [clone .part.0]':
BpSinkPattern.cpp:(.text+0x508): undefined reference to `cbhe_eid_t::cbhe_eid_t(cbhe_eid_t const&)'
/usr/bin/ld: BpSinkPattern.cpp:(.text+0x64e): undefined reference to `cbhe_eid_t::cbhe_eid_t(cbhe_eid_t const&)'
/usr/bin/ld: /usr/local/lib/libbp_app_patterns_lib.a(BpSinkPattern.cpp.o): in function `BpSinkPattern::SendAcsFromTimerThread()':
BpSinkPattern.cpp:(.text+0x92a): undefined reference to `CustodyTransferManager::GenerateAllAcsBundlesAndClear(std::__cxx11::list<BundleViewV6, std::allocator<BundleViewV6> >&)'
/usr/bin/ld: BpSinkPattern.cpp:(.text+0x9eb): undefined reference to `BundleViewV6::~BundleViewV6()'
/usr/bin/ld: /usr/local/lib/libbp_app_patterns_lib.a(BpSinkPattern.cpp.o): in function `BpSinkPattern::Stop()':
BpSinkPattern.cpp:(.text+0xdbd): undefined reference to `InductManager::Clear()'
/usr/bin/ld: /usr/local/lib/libbp_app_patterns_lib.a(BpSinkPattern.cpp.o): in function `BpSinkPattern::~BpSinkPattern()':
BpSinkPattern.cpp:(.text+0x15c5): undefined reference to `cbhe_eid_t::~cbhe_eid_t()'
/usr/bin/ld: BpSinkPattern.cpp:(.text+0x160d): undefined reference to `cbhe_eid_t::~cbhe_eid_t()'
/usr/bin/ld: BpSinkPattern.cpp:(.text+0x163d): undefined reference to `cbhe_eid_t::~cbhe_eid_t()'
/usr/bin/ld: BpSinkPattern.cpp:(.text+0x17e6): undefined reference to `cbhe_eid_t::~cbhe_eid_t()'
/usr/bin/ld: BpSinkPattern.cpp:(.text+0x1826): undefined reference to `cbhe_eid_t::~cbhe_eid_t()'
/usr/bin/ld: /usr/local/lib/libbp_app_patterns_lib.a(BpSinkPattern.cpp.o):BpSinkPattern.cpp:(.text+0x1856): more undefined references to `cbhe_eid_t::~cbhe_eid_t()' follow
/usr/bin/ld: /usr/local/lib/libbp_app_patterns_lib.a(BpSinkPattern.cpp.o): in function `BpSinkPattern::~BpSinkPattern()':
BpSinkPattern.cpp:(.text+0x195f): undefined reference to `BundleViewV6::~BundleViewV6()'
/usr/bin/ld: BpSinkPattern.cpp:(.text+0x1973): undefined reference to `CustodyTransferManager::~CustodyTransferManager()'
/usr/bin/ld: BpSinkPattern.cpp:(.text+0x19a4): undefined reference to `cbhe_eid_t::~cbhe_eid_t()'
/usr/bin/ld: BpSinkPattern.cpp:(.text+0x19b0): undefined reference to `cbhe_eid_t::~cbhe_eid_t()'
/usr/bin/ld: BpSinkPattern.cpp:(.text+0x19bc): undefined reference to `OutductManager::~OutductManager()'
/usr/bin/ld: BpSinkPattern.cpp:(.text+0x19c8): undefined reference to `InductManager::~InductManager()'
/usr/bin/ld: BpSinkPattern.cpp:(.text+0x19fd): undefined reference to `cbhe_eid_t::~cbhe_eid_t()'
/usr/bin/ld: BpSinkPattern.cpp:(.text+0x1a28): undefined reference to `cbhe_eid_t::~cbhe_eid_t()'
/usr/bin/ld: BpSinkPattern.cpp:(.text+0x1a4d): undefined reference to `cbhe_eid_t::~cbhe_eid_t()'
/usr/bin/ld: /usr/local/lib/libbp_app_patterns_lib.a(BpSinkPattern.cpp.o): in function `BpSinkPattern::OnNewOpportunisticLinkCallback(unsigned long, Induct*)':
BpSinkPattern.cpp:(.text+0x1b08): undefined reference to `typeinfo for TcpclInduct'
/usr/bin/ld: BpSinkPattern.cpp:(.text+0x1b15): undefined reference to `typeinfo for Induct'
/usr/bin/ld: BpSinkPattern.cpp:(.text+0x1c61): undefined reference to `typeinfo for TcpclV4Induct'
/usr/bin/ld: BpSinkPattern.cpp:(.text+0x1c68): undefined reference to `typeinfo for Induct'
/usr/bin/ld: /usr/local/lib/libbp_app_patterns_lib.a(BpSinkPattern.cpp.o): in function `BpSinkPattern::OnFailedBundleVecSendCallback(std::vector<unsigned char, std::allocator<unsigned char> >&, std::vector<unsigned char, std::allocator<unsigned char> >&, unsigned long)':
BpSinkPattern.cpp:(.text+0x26dd): undefined reference to `cbhe_eid_t::cbhe_eid_t(cbhe_eid_t&&)'
/usr/bin/ld: /usr/local/lib/libbp_app_patterns_lib.a(BpSinkPattern.cpp.o): in function `BpSinkPattern::BpSinkPattern()':
BpSinkPattern.cpp:(.text+0x2dee): undefined reference to `cbhe_eid_t::cbhe_eid_t()'
/usr/bin/ld: BpSinkPattern.cpp:(.text+0x2e12): undefined reference to `InductManager::InductManager()'
/usr/bin/ld: BpSinkPattern.cpp:(.text+0x2e26): undefined reference to `OutductManager::OutductManager()'
/usr/bin/ld: BpSinkPattern.cpp:(.text+0x2e3a): undefined reference to `cbhe_eid_t::cbhe_eid_t()'
/usr/bin/ld: BpSinkPattern.cpp:(.text+0x2e4e): undefined reference to `cbhe_eid_t::cbhe_eid_t()'
/usr/bin/ld: BpSinkPattern.cpp:(.text+0x2e92): undefined reference to `BundleViewV6::BundleViewV6()'
/usr/bin/ld: /usr/local/lib/libbp_app_patterns_lib.a(BpSinkPattern.cpp.o): in function `BpSinkPattern::Process(std::vector<unsigned char, PaddedMallocator<unsigned char> >&, unsigned long)':
BpSinkPattern.cpp:(.text+0x3432): undefined reference to `BundleViewV6::BundleViewV6()'
/usr/bin/ld: BpSinkPattern.cpp:(.text+0x3446): undefined reference to `BundleViewV6::LoadBundle(unsigned char*, unsigned long, bool)'
/usr/bin/ld: BpSinkPattern.cpp:(.text+0x355f): undefined reference to `BundleViewV6::~BundleViewV6()'
/usr/bin/ld: BpSinkPattern.cpp:(.text+0x3589): undefined reference to `cbhe_eid_t::cbhe_eid_t(cbhe_eid_t const&)'
/usr/bin/ld: BpSinkPattern.cpp:(.text+0x35a6): undefined reference to `cbhe_eid_t::cbhe_eid_t(cbhe_eid_t const&)'
/usr/bin/ld: BpSinkPattern.cpp:(.text+0x35c5): undefined reference to `cbhe_eid_t::operator!=(cbhe_eid_t const&) const'
/usr/bin/ld: BpSinkPattern.cpp:(.text+0x360d): undefined reference to `BundleViewV6::GetCanonicalBlocksByType(BPV6_BLOCK_TYPE_CODE, std::vector<BundleViewV6::Bpv6CanonicalBlockView*, std::allocator<BundleViewV6::Bpv6CanonicalBlockView*> >&)'
/usr/bin/ld: BpSinkPattern.cpp:(.text+0x3743): undefined reference to `cbhe_eid_t::~cbhe_eid_t()'
/usr/bin/ld: BpSinkPattern.cpp:(.text+0x374d): undefined reference to `cbhe_eid_t::~cbhe_eid_t()'
/usr/bin/ld: BpSinkPattern.cpp:(.text+0x3755): undefined reference to `BundleViewV6::~BundleViewV6()'
/usr/bin/ld: BpSinkPattern.cpp:(.text+0x376c): undefined reference to `BundleViewV7::BundleViewV7()'
/usr/bin/ld: BpSinkPattern.cpp:(.text+0x3783): undefined reference to `BundleViewV7::LoadBundle(unsigned char*, unsigned long, bool, bool)'
/usr/bin/ld: BpSinkPattern.cpp:(.text+0x389f): undefined reference to `BundleViewV7::~BundleViewV7()'
/usr/bin/ld: BpSinkPattern.cpp:(.text+0x38cb): undefined reference to `cbhe_eid_t::cbhe_eid_t(cbhe_eid_t const&)'
/usr/bin/ld: BpSinkPattern.cpp:(.text+0x38ea): undefined reference to `cbhe_eid_t::cbhe_eid_t(cbhe_eid_t const&)'
/usr/bin/ld: BpSinkPattern.cpp:(.text+0x3901): undefined reference to `cbhe_eid_t::operator==(cbhe_eid_t const&) const'
/usr/bin/ld: BpSinkPattern.cpp:(.text+0x391a): undefined reference to `cbhe_eid_t::operator!=(cbhe_eid_t const&) const'
/usr/bin/ld: BpSinkPattern.cpp:(.text+0x3955): undefined reference to `BundleViewV7::GetCanonicalBlocksByType(BPV7_BLOCK_TYPE_CODE, std::vector<BundleViewV7::Bpv7CanonicalBlockView*, std::allocator<BundleViewV7::Bpv7CanonicalBlockView*> >&)'
/usr/bin/ld: BpSinkPattern.cpp:(.text+0x3995): undefined reference to `BundleViewV7::GetCanonicalBlocksByType(BPV7_BLOCK_TYPE_CODE, std::vector<BundleViewV7::Bpv7CanonicalBlockView*, std::allocator<BundleViewV7::Bpv7CanonicalBlockView*> >&)'
/usr/bin/ld: BpSinkPattern.cpp:(.text+0x39d5): undefined reference to `typeinfo for Bpv7HopCountCanonicalBlock'
/usr/bin/ld: BpSinkPattern.cpp:(.text+0x39dc): undefined reference to `typeinfo for Bpv7CanonicalBlock'
/usr/bin/ld: BpSinkPattern.cpp:(.text+0x3b3b): undefined reference to `cbhe_eid_t::~cbhe_eid_t()'
/usr/bin/ld: BpSinkPattern.cpp:(.text+0x3b45): undefined reference to `cbhe_eid_t::~cbhe_eid_t()'
/usr/bin/ld: BpSinkPattern.cpp:(.text+0x3cea): undefined reference to `CustodyTransferManager::ProcessCustodyOfBundle(BundleViewV6&, bool, unsigned long, BPV6_ACS_STATUS_REASON_INDICES, BundleViewV6&)'
/usr/bin/ld: BpSinkPattern.cpp:(.text+0x3da5): undefined reference to `cbhe_eid_t::operator==(cbhe_eid_t const&) const'
/usr/bin/ld: BpSinkPattern.cpp:(.text+0x412c): undefined reference to `typeinfo for Bpv7PreviousNodeCanonicalBlock'
/usr/bin/ld: BpSinkPattern.cpp:(.text+0x4133): undefined reference to `typeinfo for Bpv7CanonicalBlock'
/usr/bin/ld: BpSinkPattern.cpp:(.text+0x4161): undefined reference to `cbhe_eid_t::operator!=(cbhe_eid_t const&) const'
/usr/bin/ld: BpSinkPattern.cpp:(.text+0x4174): undefined reference to `cbhe_eid_t::operator=(cbhe_eid_t const&)'
/usr/bin/ld: BpSinkPattern.cpp:(.text+0x4272): undefined reference to `operator<<(std::ostream&, cbhe_eid_t const&)'
/usr/bin/ld: BpSinkPattern.cpp:(.text+0x4291): undefined reference to `cbhe_eid_t::operator=(cbhe_eid_t const&)'
/usr/bin/ld: BpSinkPattern.cpp:(.text+0x42a1): undefined reference to `BundleViewV7::Bpv7CanonicalBlockView::SetManuallyModified()'
/usr/bin/ld: BpSinkPattern.cpp:(.text+0x45e9): undefined reference to `BundleViewV7::Bpv7CanonicalBlockView::SetManuallyModified()'
/usr/bin/ld: BpSinkPattern.cpp:(.text+0x45f9): undefined reference to `BundleViewV7::GetCanonicalBlocksByType(BPV7_BLOCK_TYPE_CODE, std::vector<BundleViewV7::Bpv7CanonicalBlockView*, std::allocator<BundleViewV7::Bpv7CanonicalBlockView*> >&)'
/usr/bin/ld: BpSinkPattern.cpp:(.text+0x4645): undefined reference to `BundleViewV7::GetCanonicalBlocksByType(BPV7_BLOCK_TYPE_CODE, std::vector<BundleViewV7::Bpv7CanonicalBlockView*, std::allocator<BundleViewV7::Bpv7CanonicalBlockView*> >&)'
/usr/bin/ld: BpSinkPattern.cpp:(.text+0x4774): undefined reference to `cbhe_eid_t::operator=(cbhe_eid_t const&)'
/usr/bin/ld: BpSinkPattern.cpp:(.text+0x4783): undefined reference to `cbhe_eid_t::operator=(cbhe_eid_t const&)'
/usr/bin/ld: BpSinkPattern.cpp:(.text+0x478b): undefined reference to `BundleViewV6::Bpv6PrimaryBlockView::SetManuallyModified()'
/usr/bin/ld: BpSinkPattern.cpp:(.text+0x479c): undefined reference to `BundleViewV6::Render(unsigned long)'
/usr/bin/ld: BpSinkPattern.cpp:(.text+0x47cb): undefined reference to `Bpv7PreviousNodeCanonicalBlock::Bpv7PreviousNodeCanonicalBlock()'
/usr/bin/ld: BpSinkPattern.cpp:(.text+0x47e3): undefined reference to `BundleViewV7::GetNextFreeCanonicalBlockNumber() const'
/usr/bin/ld: BpSinkPattern.cpp:(.text+0x47fa): undefined reference to `cbhe_eid_t::operator=(cbhe_eid_t const&)'
/usr/bin/ld: BpSinkPattern.cpp:(.text+0x480a): undefined reference to `BundleViewV7::PrependMoveCanonicalBlock(std::unique_ptr<Bpv7CanonicalBlock, std::default_delete<Bpv7CanonicalBlock> >&)'
/usr/bin/ld: BpSinkPattern.cpp:(.text+0x4b35): undefined reference to `CustodyTransferManager::GetLargestNumberOfFills() const'
/usr/bin/ld: BpSinkPattern.cpp:(.text+0x4df5): undefined reference to `typeinfo for Bpv7PriorityCanonicalBlock'
/usr/bin/ld: BpSinkPattern.cpp:(.text+0x4dfc): undefined reference to `typeinfo for Bpv7CanonicalBlock'
/usr/bin/ld: BpSinkPattern.cpp:(.text+0x4f3c): undefined reference to `cbhe_eid_t::operator=(cbhe_eid_t const&)'
/usr/bin/ld: BpSinkPattern.cpp:(.text+0x4f49): undefined reference to `cbhe_eid_t::operator=(cbhe_eid_t const&)'
/usr/bin/ld: BpSinkPattern.cpp:(.text+0x4f51): undefined reference to `BundleViewV7::Bpv7PrimaryBlockView::SetManuallyModified()'
/usr/bin/ld: BpSinkPattern.cpp:(.text+0x4f62): undefined reference to `BundleViewV7::Render(unsigned long)'
/usr/bin/ld: /usr/local/lib/libbp_app_patterns_lib.a(BpSinkPattern.cpp.o): in function `BpSinkPattern::Init(std::shared_ptr<InductsConfig>&, std::shared_ptr<OutductsConfig>&, bool, cbhe_eid_t const&, unsigned int, unsigned long, unsigned long)':
BpSinkPattern.cpp:(.text+0x5872): undefined reference to `cbhe_eid_t::operator=(cbhe_eid_t const&)'
/usr/bin/ld: BpSinkPattern.cpp:(.text+0x5888): undefined reference to `Uri::GetIpnUriString[abi:cxx11](unsigned long, unsigned long)'
/usr/bin/ld: BpSinkPattern.cpp:(.text+0x58ca): undefined reference to `cbhe_eid_t::Set(unsigned long, unsigned long)'
/usr/bin/ld: BpSinkPattern.cpp:(.text+0x5953): undefined reference to `cbhe_eid_t::Set(unsigned long, unsigned long)'
/usr/bin/ld: BpSinkPattern.cpp:(.text+0x5c82): undefined reference to `InductManager::LoadInductsFromConfig(boost::function<void (std::vector<unsigned char, PaddedMallocator<unsigned char> >&)> const&, InductsConfig const&, unsigned long, unsigned long, unsigned long, boost::function<void (unsigned long, Induct*)> const&, boost::function<void (unsigned long)> const&)'
/usr/bin/ld: BpSinkPattern.cpp:(.text+0x5ef6): undefined reference to `OutductManager::LoadOutductsFromConfig(OutductsConfig const&, unsigned long, unsigned long, unsigned long, boost::function<void (std::vector<unsigned char, PaddedMallocator<unsigned char> >&)> const&, boost::function<void (std::vector<unsigned char, std::allocator<unsigned char> >&, std::vector<unsigned char, std::allocator<unsigned char> >&, unsigned long)> const&, boost::function<void (zmq::message_t&, std::vector<unsigned char, std::allocator<unsigned char> >&, unsigned long)> const&, boost::function<void (std::vector<unsigned char, std::allocator<unsigned char> >&, unsigned long)> const&, boost::function<void (bool, unsigned long)> const&)'
/usr/bin/ld: BpSinkPattern.cpp:(.text+0x5fde): undefined reference to `OutductManager::AllReadyToForward() const'
/usr/bin/ld: BpSinkPattern.cpp:(.text+0x60ee): undefined reference to `OutductManager::AllReadyToForward() const'
/usr/bin/ld: BpSinkPattern.cpp:(.text+0x624f): undefined reference to `CustodyTransferManager::CustodyTransferManager(bool, unsigned long, unsigned long)'
/usr/bin/ld: BpSinkPattern.cpp:(.text+0x626a): undefined reference to `CustodyTransferManager::~CustodyTransferManager()'
/usr/bin/ld: /usr/local/lib/libbp_app_patterns_lib.a(BpSinkPattern.cpp.o): in function `BpSinkPattern::SenderReaderThreadFunc()':
BpSinkPattern.cpp:(.text+0x75f9): undefined reference to `cbhe_eid_t::cbhe_eid_t()'
/usr/bin/ld: BpSinkPattern.cpp:(.text+0x7685): undefined reference to `OutductManager::GetOutductByFinalDestinationEid_ThreadSafe(cbhe_eid_t const&)'
/usr/bin/ld: BpSinkPattern.cpp:(.text+0x76ec): undefined reference to `cbhe_eid_t::operator=(cbhe_eid_t const&)'
/usr/bin/ld: BpSinkPattern.cpp:(.text+0x7731): undefined reference to `Induct::ForwardOnOpportunisticLink(unsigned long, std::vector<unsigned char, std::allocator<unsigned char> >&, unsigned int)'
/usr/bin/ld: BpSinkPattern.cpp:(.text+0x7863): undefined reference to `cbhe_eid_t::operator=(cbhe_eid_t const&)'
/usr/bin/ld: BpSinkPattern.cpp:(.text+0x78c9): undefined reference to `cbhe_eid_t::~cbhe_eid_t()'
/usr/bin/ld: BpSinkPattern.cpp:(.text+0x7b50): undefined reference to `cbhe_eid_t::~cbhe_eid_t()'
/usr/bin/ld: BpSinkPattern.cpp:(.text+0x7e9c): undefined reference to `operator<<(std::ostream&, cbhe_eid_t const&)'
/usr/bin/ld: BpSinkPattern.cpp:(.text+0x7f7e): undefined reference to `cbhe_eid_t::operator=(cbhe_eid_t const&)'
/usr/bin/ld: BpSinkPattern.cpp:(.text+0x7fd7): undefined reference to `cbhe_eid_t::~cbhe_eid_t()'
/usr/bin/ld: BpSinkPattern.cpp:(.text+0x87b7): undefined reference to `OutductManager::GetOutductByOutductUuid(unsigned long)'
/usr/bin/ld: BpSinkPattern.cpp:(.text+0x87cd): undefined reference to `Outduct::GetOutductMaxBundlesInPipeline() const'
/usr/bin/ld: BpSinkPattern.cpp:(.text+0x8803): undefined reference to `cbhe_eid_t::~cbhe_eid_t()'
/usr/bin/ld: BpSinkPattern.cpp:(.text+0x886e): undefined reference to `cbhe_eid_t::~cbhe_eid_t()'
/usr/bin/ld: /usr/local/lib/libbp_app_patterns_lib.a(BpSinkPattern.cpp.o): in function `BpSinkPattern::~BpSinkPattern()':
BpSinkPattern.cpp:(.text+0x19ed): undefined reference to `cbhe_eid_t::~cbhe_eid_t()'
/usr/bin/ld: /usr/local/lib/libbp_app_patterns_lib.a(BpSinkPattern.cpp.o): in function `BpSinkPattern::SendAcsFromTimerThread() [clone .cold]':
BpSinkPattern.cpp:(.text.unlikely+0x21b): undefined reference to `BundleViewV6::~BundleViewV6()'
/usr/bin/ld: /usr/local/lib/libbp_app_patterns_lib.a(BpSinkPattern.cpp.o): in function `BpSinkPattern::BpSinkPattern() [clone .cold]':
BpSinkPattern.cpp:(.text.unlikely+0x6b8): undefined reference to `BundleViewV6::~BundleViewV6()'
/usr/bin/ld: BpSinkPattern.cpp:(.text.unlikely+0x6cc): undefined reference to `CustodyTransferManager::~CustodyTransferManager()'
/usr/bin/ld: BpSinkPattern.cpp:(.text.unlikely+0x6f5): undefined reference to `cbhe_eid_t::~cbhe_eid_t()'
/usr/bin/ld: BpSinkPattern.cpp:(.text.unlikely+0x6ff): undefined reference to `cbhe_eid_t::~cbhe_eid_t()'
/usr/bin/ld: BpSinkPattern.cpp:(.text.unlikely+0x709): undefined reference to `OutductManager::~OutductManager()'
/usr/bin/ld: BpSinkPattern.cpp:(.text.unlikely+0x713): undefined reference to `InductManager::~InductManager()'
/usr/bin/ld: BpSinkPattern.cpp:(.text.unlikely+0x72b): undefined reference to `cbhe_eid_t::~cbhe_eid_t()'
/usr/bin/ld: /usr/local/lib/libbp_app_patterns_lib.a(BpSinkPattern.cpp.o): in function `BpSinkPattern::Process(std::vector<unsigned char, PaddedMallocator<unsigned char> >&, unsigned long) [clone .cold]':
BpSinkPattern.cpp:(.text.unlikely+0xa47): undefined reference to `cbhe_eid_t::~cbhe_eid_t()'
/usr/bin/ld: BpSinkPattern.cpp:(.text.unlikely+0xa54): undefined reference to `cbhe_eid_t::~cbhe_eid_t()'
/usr/bin/ld: BpSinkPattern.cpp:(.text.unlikely+0xa5c): undefined reference to `BundleViewV7::~BundleViewV7()'
/usr/bin/ld: BpSinkPattern.cpp:(.text.unlikely+0xa83): undefined reference to `cbhe_eid_t::~cbhe_eid_t()'
/usr/bin/ld: BpSinkPattern.cpp:(.text.unlikely+0xa90): undefined reference to `cbhe_eid_t::~cbhe_eid_t()'
/usr/bin/ld: BpSinkPattern.cpp:(.text.unlikely+0xa98): undefined reference to `BundleViewV6::~BundleViewV6()'
/usr/bin/ld: /usr/local/lib/libbp_app_patterns_lib.a(BpSinkPattern.cpp.o): in function `BpSinkPattern::SenderReaderThreadFunc() [clone .cold]':
BpSinkPattern.cpp:(.text.unlikely+0x12db): undefined reference to `cbhe_eid_t::~cbhe_eid_t()'
/usr/bin/ld: /usr/local/lib/libbp_app_patterns_lib.a(BpSinkPattern.cpp.o): in function `std::deque<std::pair<cbhe_eid_t, std::vector<unsigned char, std::allocator<unsigned char> > >, std::allocator<std::pair<cbhe_eid_t, std::vector<unsigned char, std::allocator<unsigned char> > > > >::~deque()':
BpSinkPattern.cpp:(.text._ZNSt5dequeISt4pairI10cbhe_eid_tSt6vectorIhSaIhEEESaIS5_EED2Ev[_ZNSt5dequeISt4pairI10cbhe_eid_tSt6vectorIhSaIhEEESaIS5_EED5Ev]+0x76): undefined reference to `cbhe_eid_t::~cbhe_eid_t()'
/usr/bin/ld: BpSinkPattern.cpp:(.text._ZNSt5dequeISt4pairI10cbhe_eid_tSt6vectorIhSaIhEEESaIS5_EED2Ev[_ZNSt5dequeISt4pairI10cbhe_eid_tSt6vectorIhSaIhEEESaIS5_EED5Ev]+0xbe): undefined reference to `cbhe_eid_t::~cbhe_eid_t()'
/usr/bin/ld: BpSinkPattern.cpp:(.text._ZNSt5dequeISt4pairI10cbhe_eid_tSt6vectorIhSaIhEEESaIS5_EED2Ev[_ZNSt5dequeISt4pairI10cbhe_eid_tSt6vectorIhSaIhEEESaIS5_EED5Ev]+0xe6): undefined reference to `cbhe_eid_t::~cbhe_eid_t()'
/usr/bin/ld: BpSinkPattern.cpp:(.text._ZNSt5dequeISt4pairI10cbhe_eid_tSt6vectorIhSaIhEEESaIS5_EED2Ev[_ZNSt5dequeISt4pairI10cbhe_eid_tSt6vectorIhSaIhEEESaIS5_EED5Ev]+0x15e): undefined reference to `cbhe_eid_t::~cbhe_eid_t()'
/usr/bin/ld: /usr/local/lib/libbp_app_patterns_lib.a(BpSinkPattern.cpp.o):BpSinkPattern.cpp:(.text._ZNSt5dequeISt4pairISt6vectorIhSaIhEES0_Im10cbhe_eid_tEESaIS6_EED2Ev[_ZNSt5dequeISt4pairISt6vectorIhSaIhEES0_Im10cbhe_eid_tEESaIS6_EED5Ev]+0x65): more undefined references to `cbhe_eid_t::~cbhe_eid_t()' follow
/usr/bin/ld: /usr/local/lib/libbp_app_patterns_lib.a(BpSinkPattern.cpp.o): in function `void std::deque<std::pair<std::vector<unsigned char, std::allocator<unsigned char> >, std::pair<unsigned long, cbhe_eid_t> >, std::allocator<std::pair<std::vector<unsigned char, std::allocator<unsigned char> >, std::pair<unsigned long, cbhe_eid_t> > > >::_M_push_back_aux<std::vector<unsigned char, std::allocator<unsigned char> >, std::pair<unsigned long, cbhe_eid_t> >(std::vector<unsigned char, std::allocator<unsigned char> >&&, std::pair<unsigned long, cbhe_eid_t>&&)':
BpSinkPattern.cpp:(.text._ZNSt5dequeISt4pairISt6vectorIhSaIhEES0_Im10cbhe_eid_tEESaIS6_EE16_M_push_back_auxIJS3_S5_EEEvDpOT_[_ZNSt5dequeISt4pairISt6vectorIhSaIhEES0_Im10cbhe_eid_tEESaIS6_EE16_M_push_back_auxIJS3_S5_EEEvDpOT_]+0xe3): undefined reference to `cbhe_eid_t::cbhe_eid_t(cbhe_eid_t&&)'
/usr/bin/ld: CMakeFiles/media_app.dir/src/MediaApp.cpp.o: in function `boost::asio::ssl::detail::openssl_init_base::do_init::~do_init()':
MediaApp.cpp:(.text._ZN5boost4asio3ssl6detail17openssl_init_base7do_initD2Ev[_ZN5boost4asio3ssl6detail17openssl_init_base7do_initD5Ev]+0x16): undefined reference to `CONF_modules_unload'
/usr/bin/ld: CMakeFiles/media_app.dir/src/MediaApp.cpp.o: in function `boost::asio::error::detail::ssl_category::message[abi:cxx11](int) const':
MediaApp.cpp:(.text._ZNK5boost4asio5error6detail12ssl_category7messageB5cxx11Ei[_ZNK5boost4asio5error6detail12ssl_category7messageB5cxx11Ei]+0x30): undefined reference to `ERR_reason_error_string'
/usr/bin/ld: CMakeFiles/media_app.dir/src/MediaApp.cpp.o:(.data.rel.ro._ZTV8MediaApp[_ZTV8MediaApp]+0x20): undefined reference to `MediaApp::ProcessPayload(unsigned char const*, unsigned long)'
collect2: error: ld returned 1 exit status
make[2]: *** [CMakeFiles/media_app.dir/build.make:231: media_app] Error 1
make[1]: *** [CMakeFiles/Makefile2:76: CMakeFiles/media_app.dir/all] Error 2
make: *** [Makefile:84: all] Error 2
